{"numTotalTestSuites":238,"numPassedTestSuites":236,"numFailedTestSuites":2,"numPendingTestSuites":0,"numTotalTests":643,"numPassedTests":532,"numFailedTests":2,"numPendingTests":109,"numTodoTests":0,"snapshot":{"added":0,"failure":false,"filesAdded":0,"filesRemoved":0,"filesRemovedList":[],"filesUnmatched":0,"filesUpdated":0,"matched":0,"total":0,"unchecked":0,"uncheckedKeysByFile":[],"unmatched":0,"updated":0,"didUpdate":false},"startTime":1785481880820,"success":false,"testResults":[{"assertionResults":[{"ancestorTitles":["AI Providers Abort Tests","Anthropic Provider Abort"],"fullName":"AI Providers Abort Tests Anthropic Provider Abort should abort mid-stream","status":"skipped","title":"should abort mid-stream","failureMessages":[],"meta":{}},{"ancestorTitles":["AI Providers Abort Tests","Anthropic Provider Abort"],"fullName":"AI Providers Abort Tests Anthropic Provider Abort should handle immediate abort","status":"skipped","title":"should handle immediate abort","failureMessages":[],"meta":{}},{"ancestorTitles":["AI Providers Abort Tests","OpenAI Codex Provider Abort"],"fullName":"AI Providers Abort Tests OpenAI Codex Provider Abort should abort mid-stream","status":"skipped","title":"should abort mid-stream","failureMessages":[],"meta":{}},{"ancestorTitles":["AI Providers Abort Tests","OpenAI Codex Provider Abort"],"fullName":"AI Providers Abort Tests OpenAI Codex Provider Abort should handle immediate abort","status":"skipped","title":"should handle immediate abort","failureMessages":[],"meta":{}}],"startTime":1785481880820,"endTime":1785481880820,"status":"passed","message":"","name":"C:/PiTest/packages/ai/test/abort.test.ts"},{"assertionResults":[{"ancestorTitles":["defaultSupportsAdaptiveThinking"],"fullName":"defaultSupportsAdaptiveThinking returns true for current adaptive models (Opus 4.6+, Sonnet 4.6+)","status":"passed","title":"returns true for current adaptive models (Opus 4.6+, Sonnet 4.6+)","duration":1.6032999999999902,"failureMessages":[],"meta":{}},{"ancestorTitles":["defaultSupportsAdaptiveThinking"],"fullName":"defaultSupportsAdaptiveThinking future 4.6+ bumps work without a code change","status":"passed","title":"future 4.6+ bumps work without a code change","duration":0.5587999999999624,"failureMessages":[],"meta":{}},{"ancestorTitles":["defaultSupportsAdaptiveThinking"],"fullName":"defaultSupportsAdaptiveThinking returns false for pre-4.6 models, including a bare date suffix","status":"passed","title":"returns false for pre-4.6 models, including a bare date suffix","duration":0.23179999999996426,"failureMessages":[],"meta":{}}],"startTime":1785481883182,"endTime":1785481883184.5588,"status":"passed","message":"","name":"C:/PiTest/packages/ai/test/anthropic-adaptive-thinking-default.test.ts"},{"assertionResults":[{"ancestorTitles":["Anthropic cache_control breakpoint budget"],"fullName":"Anthropic cache_control breakpoint budget OAuth: identity + static system share ONE breakpoint, not two","status":"passed","title":"OAuth: identity + static system share ONE breakpoint, not two","duration":2.130999999999972,"failureMessages":[],"meta":{}},{"ancestorTitles":["Anthropic cache_control breakpoint budget"],"fullName":"Anthropic cache_control breakpoint budget OAuth: identity carries the breakpoint when there is no static system block","status":"passed","title":"OAuth: identity carries the breakpoint when there is no static system block","duration":0.34719999999998663,"failureMessages":[],"meta":{}},{"ancestorTitles":["Anthropic cache_control breakpoint budget"],"fullName":"Anthropic cache_control breakpoint budget non-OAuth keeps a single system breakpoint","status":"passed","title":"non-OAuth keeps a single system breakpoint","duration":0.18729999999999336,"failureMessages":[],"meta":{}},{"ancestorTitles":["Anthropic cache_control breakpoint budget"],"fullName":"Anthropic cache_control breakpoint budget OAuth + compaction summary + tools stays within the 4-breakpoint limit","status":"passed","title":"OAuth + compaction summary + tools stays within the 4-breakpoint limit","duration":0.708500000000015,"failureMessages":[],"meta":{}}],"startTime":1785481883271,"endTime":1785481883273.7085,"status":"passed","message":"","name":"C:/PiTest/packages/ai/test/anthropic-cache-breakpoint-budget.test.ts"},{"assertionResults":[{"ancestorTitles":["Anthropic cache-write TTL tier"],"fullName":"Anthropic cache-write TTL tier carries the 1h slice from message_start into usage","status":"passed","title":"carries the 1h slice from message_start into usage","duration":45.97180000000003,"failureMessages":[],"meta":{}},{"ancestorTitles":["Anthropic cache-write TTL tier"],"fullName":"Anthropic cache-write TTL tier prices an all-1h write above the listed short rate","status":"passed","title":"prices an all-1h write above the listed short rate","duration":0.6931000000000154,"failureMessages":[],"meta":{}},{"ancestorTitles":["Anthropic cache-write TTL tier"],"fullName":"Anthropic cache-write TTL tier keeps a 5m-only breakdown at the listed rate","status":"passed","title":"keeps a 5m-only breakdown at the listed rate","duration":0.7081999999999766,"failureMessages":[],"meta":{}},{"ancestorTitles":["Anthropic cache-write TTL tier"],"fullName":"Anthropic cache-write TTL tier re-derives the slice when message_delta restates a larger total","status":"passed","title":"re-derives the slice when message_delta restates a larger total","duration":0.8362000000000194,"failureMessages":[],"meta":{}},{"ancestorTitles":["Anthropic cache-write TTL tier"],"fullName":"Anthropic cache-write TTL tier splits a mixed breakdown proportionally","status":"passed","title":"splits a mixed breakdown proportionally","duration":0.9342000000000326,"failureMessages":[],"meta":{}},{"ancestorTitles":["Anthropic cache-write TTL tier"],"fullName":"Anthropic cache-write TTL tier prices as before when the payload omits cache_creation entirely","status":"passed","title":"prices as before when the payload omits cache_creation entirely","duration":0.48900000000003274,"failureMessages":[],"meta":{}}],"startTime":1785481881964,"endTime":1785481882013.489,"status":"passed","message":"","name":"C:/PiTest/packages/ai/test/anthropic-cache-write-tier.test.ts"},{"assertionResults":[{"ancestorTitles":["Anthropic client cache"],"fullName":"Anthropic client cache reuses the same client for an identical config (preserves keep-alive)","status":"passed","title":"reuses the same client for an identical config (preserves keep-alive)","duration":2.0348999999999933,"failureMessages":[],"meta":{}},{"ancestorTitles":["Anthropic client cache"],"fullName":"Anthropic client cache never serves a client with a stale apiKey","status":"passed","title":"never serves a client with a stale apiKey","duration":1.4125000000000227,"failureMessages":[],"meta":{}},{"ancestorTitles":["Anthropic client cache"],"fullName":"Anthropic client cache never serves a client with a stale authToken (OAuth refresh)","status":"passed","title":"never serves a client with a stale authToken (OAuth refresh)","duration":0.2878000000000043,"failureMessages":[],"meta":{}},{"ancestorTitles":["Anthropic client cache"],"fullName":"Anthropic client cache never serves a client with stale per-request / beta headers","status":"passed","title":"never serves a client with stale per-request / beta headers","duration":0.370900000000006,"failureMessages":[],"meta":{}},{"ancestorTitles":["Anthropic client cache"],"fullName":"Anthropic client cache distinguishes by baseURL (gateway vs direct)","status":"passed","title":"distinguishes by baseURL (gateway vs direct)","duration":0.5720000000000027,"failureMessages":[],"meta":{}},{"ancestorTitles":["Anthropic client cache"],"fullName":"Anthropic client cache bounds the cache so undici sockets do not accumulate (LRU eviction)","status":"passed","title":"bounds the cache so undici sockets do not accumulate (LRU eviction)","duration":0.7577999999999747,"failureMessages":[],"meta":{}},{"ancestorTitles":["Anthropic client cache"],"fullName":"Anthropic client cache keeps a recently-used entry alive across evictions (LRU recency refresh)","status":"passed","title":"keeps a recently-used entry alive across evictions (LRU recency refresh)","duration":0.8009999999999877,"failureMessages":[],"meta":{}}],"startTime":1785481883091,"endTime":1785481883097.801,"status":"passed","message":"","name":"C:/PiTest/packages/ai/test/anthropic-client-cache.test.ts"},{"assertionResults":[{"ancestorTitles":["Anthropic eager tool input streaming compatibility"],"fullName":"Anthropic eager tool input streaming compatibility sends per-tool eager_input_streaming by default","status":"passed","title":"sends per-tool eager_input_streaming by default","duration":78.47209999999995,"failureMessages":[],"meta":{}},{"ancestorTitles":["Anthropic eager tool input streaming compatibility"],"fullName":"Anthropic eager tool input streaming compatibility uses the legacy fine-grained tool streaming beta when eager tool input streaming is disabled","status":"passed","title":"uses the legacy fine-grained tool streaming beta when eager tool input streaming is disabled","duration":6.467099999999959,"failureMessages":[],"meta":{}},{"ancestorTitles":["Anthropic eager tool input streaming compatibility"],"fullName":"Anthropic eager tool input streaming compatibility does not send the legacy fine-grained tool streaming beta when there are no tools","status":"passed","title":"does not send the legacy fine-grained tool streaming beta when there are no tools","duration":5.700200000000109,"failureMessages":[],"meta":{}}],"startTime":1785481881669,"endTime":1785481881759.7002,"status":"passed","message":"","name":"C:/PiTest/packages/ai/test/anthropic-eager-tool-input-compat.test.ts"},{"assertionResults":[{"ancestorTitles":["Anthropic Messages eager tool input streaming E2E"],"fullName":"Anthropic Messages eager tool input streaming E2E covers every generated anthropic-messages model","status":"passed","title":"covers every generated anthropic-messages model","duration":1.0880999999999972,"failureMessages":[],"meta":{}},{"ancestorTitles":["Anthropic Messages eager tool input streaming E2E","generated compatibility settings"],"fullName":"Anthropic Messages eager tool input streaming E2E generated compatibility settings anthropic/claude-haiku-4-5 accepts configured tool streaming","status":"skipped","title":"anthropic/claude-haiku-4-5 accepts configured tool streaming","failureMessages":[],"meta":{}},{"ancestorTitles":["Anthropic Messages eager tool input streaming E2E","generated compatibility settings"],"fullName":"Anthropic Messages eager tool input streaming E2E generated compatibility settings opencode/claude-haiku-4-5 accepts configured tool streaming","status":"skipped","title":"opencode/claude-haiku-4-5 accepts configured tool streaming","failureMessages":[],"meta":{}},{"ancestorTitles":["Anthropic Messages eager tool input streaming E2E","generated compatibility settings"],"fullName":"Anthropic Messages eager tool input streaming E2E generated compatibility settings opencode-go/qwen3.7-plus accepts configured tool streaming","status":"skipped","title":"opencode-go/qwen3.7-plus accepts configured tool streaming","failureMessages":[],"meta":{}},{"ancestorTitles":["Anthropic Messages eager tool input streaming E2E","forced eager_input_streaming probe"],"fullName":"Anthropic Messages eager tool input streaming E2E forced eager_input_streaming probe anthropic/claude-haiku-4-5 accepts forced eager_input_streaming","status":"skipped","title":"anthropic/claude-haiku-4-5 accepts forced eager_input_streaming","failureMessages":[],"meta":{}},{"ancestorTitles":["Anthropic Messages eager tool input streaming E2E","forced eager_input_streaming probe"],"fullName":"Anthropic Messages eager tool input streaming E2E forced eager_input_streaming probe opencode/claude-haiku-4-5 accepts forced eager_input_streaming","status":"skipped","title":"opencode/claude-haiku-4-5 accepts forced eager_input_streaming","failureMessages":[],"meta":{}},{"ancestorTitles":["Anthropic Messages eager tool input streaming E2E","forced eager_input_streaming probe"],"fullName":"Anthropic Messages eager tool input streaming E2E forced eager_input_streaming probe opencode-go/qwen3.7-plus accepts forced eager_input_streaming","status":"skipped","title":"opencode-go/qwen3.7-plus accepts forced eager_input_streaming","failureMessages":[],"meta":{}}],"startTime":1785481883746,"endTime":1785481883747.0881,"status":"passed","message":"","name":"C:/PiTest/packages/ai/test/anthropic-eager-tool-input-e2e.test.ts"},{"assertionResults":[{"ancestorTitles":["Anthropic Messages long cache retention E2E"],"fullName":"Anthropic Messages long cache retention E2E covers every generated anthropic-messages model","status":"passed","title":"covers every generated anthropic-messages model","duration":1.2726999999999862,"failureMessages":[],"meta":{}},{"ancestorTitles":["Anthropic Messages long cache retention E2E","forced long cache retention probe"],"fullName":"Anthropic Messages long cache retention E2E forced long cache retention probe anthropic/claude-haiku-4-5 accepts long cache retention","status":"skipped","title":"anthropic/claude-haiku-4-5 accepts long cache retention","failureMessages":[],"meta":{}},{"ancestorTitles":["Anthropic Messages long cache retention E2E","forced long cache retention probe"],"fullName":"Anthropic Messages long cache retention E2E forced long cache retention probe opencode/claude-haiku-4-5 accepts long cache retention","status":"skipped","title":"opencode/claude-haiku-4-5 accepts long cache retention","failureMessages":[],"meta":{}},{"ancestorTitles":["Anthropic Messages long cache retention E2E","forced long cache retention probe"],"fullName":"Anthropic Messages long cache retention E2E forced long cache retention probe opencode-go/qwen3.7-plus accepts long cache retention","status":"skipped","title":"opencode-go/qwen3.7-plus accepts long cache retention","failureMessages":[],"meta":{}}],"startTime":1785481883544,"endTime":1785481883545.2727,"status":"passed","message":"","name":"C:/PiTest/packages/ai/test/anthropic-long-cache-retention-e2e.test.ts"},{"assertionResults":[{"ancestorTitles":["Anthropic OAuth"],"fullName":"Anthropic OAuth keeps the localhost redirect_uri for manual callback login","status":"passed","title":"keeps the localhost redirect_uri for manual callback login","duration":24.29060000000004,"failureMessages":[],"meta":{}},{"ancestorTitles":["Anthropic OAuth"],"fullName":"Anthropic OAuth omits scope from refresh token requests","status":"passed","title":"omits scope from refresh token requests","duration":0.9960999999999558,"failureMessages":[],"meta":{}}],"startTime":1785481882132,"endTime":1785481882156.996,"status":"passed","message":"","name":"C:/PiTest/packages/ai/test/anthropic-oauth.test.ts"},{"assertionResults":[{"ancestorTitles":["Anthropic Opus 4.7 smoke"],"fullName":"Anthropic Opus 4.7 smoke streams Claude Opus 4.7 with reasoning enabled","status":"skipped","title":"streams Claude Opus 4.7 with reasoning enabled","failureMessages":[],"meta":{}}],"startTime":1785481880820,"endTime":1785481880820,"status":"passed","message":"","name":"C:/PiTest/packages/ai/test/anthropic-opus-4-7-smoke.test.ts"},{"assertionResults":[{"ancestorTitles":["Anthropic wire prefix stability"],"fullName":"Anthropic wire prefix stability does not sort the tool surface, so a newly activated tool only grows the tail","status":"passed","title":"does not sort the tool surface, so a newly activated tool only grows the tail","duration":2.4092999999999734,"failureMessages":[],"meta":{}},{"ancestorTitles":["Anthropic wire prefix stability"],"fullName":"Anthropic wire prefix stability relocates the dynamic system suffix behind the history breakpoint","status":"passed","title":"relocates the dynamic system suffix behind the history breakpoint","duration":1.290399999999977,"failureMessages":[],"meta":{}},{"ancestorTitles":["Anthropic wire prefix stability"],"fullName":"Anthropic wire prefix stability keeps the suffix in system when there is no user message to carry it","status":"passed","title":"keeps the suffix in system when there is no user message to carry it","duration":0.2796999999999912,"failureMessages":[],"meta":{}}],"startTime":1785481882896,"endTime":1785481882900.2798,"status":"passed","message":"","name":"C:/PiTest/packages/ai/test/anthropic-prefix-stability.test.ts"},{"assertionResults":[{"ancestorTitles":["Anthropic maxRetries clamp (PIT_NO_PROVIDER_RETRY_CLAMP)"],"fullName":"Anthropic maxRetries clamp (PIT_NO_PROVIDER_RETRY_CLAMP) defaults maxRetries to 1 when the caller does not set it","status":"passed","title":"defaults maxRetries to 1 when the caller does not set it","duration":14.53490000000005,"failureMessages":[],"meta":{}},{"ancestorTitles":["Anthropic maxRetries clamp (PIT_NO_PROVIDER_RETRY_CLAMP)"],"fullName":"Anthropic maxRetries clamp (PIT_NO_PROVIDER_RETRY_CLAMP) honors an explicit caller maxRetries over the clamp","status":"passed","title":"honors an explicit caller maxRetries over the clamp","duration":1.388400000000047,"failureMessages":[],"meta":{}},{"ancestorTitles":["Anthropic maxRetries clamp (PIT_NO_PROVIDER_RETRY_CLAMP)"],"fullName":"Anthropic maxRetries clamp (PIT_NO_PROVIDER_RETRY_CLAMP) honors an explicit maxRetries of 0 (no silent retries at all)","status":"passed","title":"honors an explicit maxRetries of 0 (no silent retries at all)","duration":1.0097000000000094,"failureMessages":[],"meta":{}},{"ancestorTitles":["Anthropic maxRetries clamp (PIT_NO_PROVIDER_RETRY_CLAMP)"],"fullName":"Anthropic maxRetries clamp (PIT_NO_PROVIDER_RETRY_CLAMP) PIT_NO_PROVIDER_RETRY_CLAMP=1 restores the SDK default (option omitted)","status":"passed","title":"PIT_NO_PROVIDER_RETRY_CLAMP=1 restores the SDK default (option omitted)","duration":0.9950000000000045,"failureMessages":[],"meta":{}}],"startTime":1785481882286,"endTime":1785481882303.995,"status":"passed","message":"","name":"C:/PiTest/packages/ai/test/anthropic-retry-clamp.test.ts"},{"assertionResults":[{"ancestorTitles":["Anthropic raw SSE parsing"],"fullName":"Anthropic raw SSE parsing repairs malformed SSE JSON and malformed streamed tool JSON","status":"passed","title":"repairs malformed SSE JSON and malformed streamed tool JSON","duration":40.17259999999999,"failureMessages":[],"meta":{}},{"ancestorTitles":["Anthropic raw SSE parsing"],"fullName":"Anthropic raw SSE parsing maps unknown stop_reason gracefully to stop instead of erroring","status":"passed","title":"maps unknown stop_reason gracefully to stop instead of erroring","duration":1.5277000000000953,"failureMessages":[],"meta":{}},{"ancestorTitles":["Anthropic raw SSE parsing"],"fullName":"Anthropic raw SSE parsing parses CRLF-terminated SSE streams identically to LF","status":"passed","title":"parses CRLF-terminated SSE streams identically to LF","duration":1.6707999999999856,"failureMessages":[],"meta":{}},{"ancestorTitles":["Anthropic raw SSE parsing"],"fullName":"Anthropic raw SSE parsing parses lone-CR-terminated SSE streams (SSE spec allows bare \\r)","status":"passed","title":"parses lone-CR-terminated SSE streams (SSE spec allows bare \\r)","duration":0.9561999999999671,"failureMessages":[],"meta":{}},{"ancestorTitles":["Anthropic raw SSE parsing"],"fullName":"Anthropic raw SSE parsing parses CRLF streams delivered as many small chunks","status":"passed","title":"parses CRLF streams delivered as many small chunks","duration":1.674099999999953,"failureMessages":[],"meta":{}},{"ancestorTitles":["Anthropic raw SSE parsing"],"fullName":"Anthropic raw SSE parsing flushes a trailing orphan \\r-terminated line at end of stream","status":"passed","title":"flushes a trailing orphan \\r-terminated line at end of stream","duration":0.6959000000000515,"failureMessages":[],"meta":{}},{"ancestorTitles":["Anthropic raw SSE parsing"],"fullName":"Anthropic raw SSE parsing ignores unknown SSE events after message_stop","status":"passed","title":"ignores unknown SSE events after message_stop","duration":0.5897999999999683,"failureMessages":[],"meta":{}}],"startTime":1785481882163,"endTime":1785481882210.5898,"status":"passed","message":"","name":"C:/PiTest/packages/ai/test/anthropic-sse-parsing.test.ts"},{"assertionResults":[{"ancestorTitles":["Anthropic thinking disable payload"],"fullName":"Anthropic thinking disable payload sends thinking.type=disabled for budget-based reasoning models when thinking is off","status":"passed","title":"sends thinking.type=disabled for budget-based reasoning models when thinking is off","duration":451.84389999999996,"failureMessages":[],"meta":{}},{"ancestorTitles":["Anthropic thinking disable payload"],"fullName":"Anthropic thinking disable payload sends thinking.type=disabled for adaptive reasoning models when thinking is off","status":"passed","title":"sends thinking.type=disabled for adaptive reasoning models when thinking is off","duration":419.8918000000001,"failureMessages":[],"meta":{}},{"ancestorTitles":["Anthropic thinking disable payload"],"fullName":"Anthropic thinking disable payload sends thinking.type=disabled for Claude Opus 5 when thinking is off","status":"passed","title":"sends thinking.type=disabled for Claude Opus 5 when thinking is off","duration":446.44619999999986,"failureMessages":[],"meta":{}},{"ancestorTitles":["Anthropic thinking disable payload"],"fullName":"Anthropic thinking disable payload uses adaptive thinking for Claude Opus 5 when reasoning is enabled","status":"passed","title":"uses adaptive thinking for Claude Opus 5 when reasoning is enabled","duration":492.3953999999999,"failureMessages":[],"meta":{}},{"ancestorTitles":["Anthropic thinking disable payload"],"fullName":"Anthropic thinking disable payload maps xhigh reasoning to effort=xhigh for Claude Opus 5","status":"passed","title":"maps xhigh reasoning to effort=xhigh for Claude Opus 5","duration":391.62180000000035,"failureMessages":[],"meta":{}},{"ancestorTitles":["Anthropic thinking disable payload"],"fullName":"Anthropic thinking disable payload omits the thinking param for Claude Fable 5 when thinking is off (never sends disabled)","status":"passed","title":"omits the thinking param for Claude Fable 5 when thinking is off (never sends disabled)","duration":389.53319999999985,"failureMessages":[],"meta":{}},{"ancestorTitles":["Anthropic thinking disable payload"],"fullName":"Anthropic thinking disable payload does not send temperature for Claude Fable 5 on the thinking-off path (also 400)","status":"passed","title":"does not send temperature for Claude Fable 5 on the thinking-off path (also 400)","duration":494.2779999999998,"failureMessages":[],"meta":{}},{"ancestorTitles":["Anthropic thinking disable payload"],"fullName":"Anthropic thinking disable payload uses adaptive thinking + effort for Claude Fable 5 when reasoning is enabled","status":"passed","title":"uses adaptive thinking + effort for Claude Fable 5 when reasoning is enabled","duration":392.99159999999983,"failureMessages":[],"meta":{}},{"ancestorTitles":["Anthropic thinking disable payload"],"fullName":"Anthropic thinking disable payload maps xhigh reasoning to effort=xhigh for Claude Fable 5","status":"passed","title":"maps xhigh reasoning to effort=xhigh for Claude Fable 5","duration":401.3008,"failureMessages":[],"meta":{}},{"ancestorTitles":["defaultThinkingAlwaysOn"],"fullName":"defaultThinkingAlwaysOn is true for the Fable / Mythos family (they reject thinking:disabled)","status":"passed","title":"is true for the Fable / Mythos family (they reject thinking:disabled)","duration":0.29030000000057044,"failureMessages":[],"meta":{}},{"ancestorTitles":["defaultThinkingAlwaysOn"],"fullName":"defaultThinkingAlwaysOn is false for Opus / Sonnet / Haiku (they accept thinking:disabled)","status":"passed","title":"is false for Opus / Sonnet / Haiku (they accept thinking:disabled)","duration":0.47699999999986176,"failureMessages":[],"meta":{}},{"ancestorTitles":["Anthropic thinking disable E2E"],"fullName":"Anthropic thinking disable E2E disables thinking for Claude reasoning models","status":"skipped","title":"disables thinking for Claude reasoning models","failureMessages":[],"meta":{}}],"startTime":1785481881665,"endTime":1785481885547.477,"status":"passed","message":"","name":"C:/PiTest/packages/ai/test/anthropic-thinking-disable.test.ts"},{"assertionResults":[{"ancestorTitles":["Anthropic OAuth tool name normalization"],"fullName":"Anthropic OAuth tool name normalization should normalize user-defined tool matching CC name (todowrite -> TodoWrite -> todowrite)","status":"passed","title":"should normalize user-defined tool matching CC name (todowrite -> TodoWrite -> todowrite)","duration":2673.3605000000002,"failureMessages":[],"meta":{}},{"ancestorTitles":["Anthropic OAuth tool name normalization"],"fullName":"Anthropic OAuth tool name normalization should handle pi's built-in tools (read, write, edit, bash)","status":"passed","title":"should handle pi's built-in tools (read, write, edit, bash)","duration":2487.6416,"failureMessages":[],"meta":{}},{"ancestorTitles":["Anthropic OAuth tool name normalization"],"fullName":"Anthropic OAuth tool name normalization should NOT map find to Glob - find is not a CC tool name","status":"passed","title":"should NOT map find to Glob - find is not a CC tool name","duration":1641.8545999999997,"failureMessages":[],"meta":{}},{"ancestorTitles":["Anthropic OAuth tool name normalization"],"fullName":"Anthropic OAuth tool name normalization should handle custom tools that don't match any CC tool names","status":"passed","title":"should handle custom tools that don't match any CC tool names","duration":1670.8641000000007,"failureMessages":[],"meta":{}}],"startTime":1785481881683,"endTime":1785481890156.864,"status":"passed","message":"","name":"C:/PiTest/packages/ai/test/anthropic-tool-name-normalization.test.ts"},{"assertionResults":[{"ancestorTitles":["Cache Retention (PIT_CACHE_RETENTION)","Anthropic Provider"],"fullName":"Cache Retention (PIT_CACHE_RETENTION) Anthropic Provider should use default cache TTL (no ttl field) when PIT_CACHE_RETENTION is not set","status":"skipped","title":"should use default cache TTL (no ttl field) when PIT_CACHE_RETENTION is not set","failureMessages":[],"meta":{}},{"ancestorTitles":["Cache Retention (PIT_CACHE_RETENTION)","Anthropic Provider"],"fullName":"Cache Retention (PIT_CACHE_RETENTION) Anthropic Provider should use 1h cache TTL when PIT_CACHE_RETENTION=long","status":"skipped","title":"should use 1h cache TTL when PIT_CACHE_RETENTION=long","failureMessages":[],"meta":{}},{"ancestorTitles":["Cache Retention (PIT_CACHE_RETENTION)","Anthropic Provider"],"fullName":"Cache Retention (PIT_CACHE_RETENTION) Anthropic Provider should add ttl for non-api.anthropic.com baseUrl by default","status":"passed","title":"should add ttl for non-api.anthropic.com baseUrl by default","duration":683.1807,"failureMessages":[],"meta":{}},{"ancestorTitles":["Cache Retention (PIT_CACHE_RETENTION)","Anthropic Provider"],"fullName":"Cache Retention (PIT_CACHE_RETENTION) Anthropic Provider should omit ttl when supportsLongCacheRetention is false","status":"passed","title":"should omit ttl when supportsLongCacheRetention is false","duration":478.47389999999996,"failureMessages":[],"meta":{}},{"ancestorTitles":["Cache Retention (PIT_CACHE_RETENTION)","Anthropic Provider"],"fullName":"Cache Retention (PIT_CACHE_RETENTION) Anthropic Provider should omit cache_control when cacheRetention is none","status":"passed","title":"should omit cache_control when cacheRetention is none","duration":368.97469999999976,"failureMessages":[],"meta":{}},{"ancestorTitles":["Cache Retention (PIT_CACHE_RETENTION)","Anthropic Provider"],"fullName":"Cache Retention (PIT_CACHE_RETENTION) Anthropic Provider should add cache_control to string user messages","status":"passed","title":"should add cache_control to string user messages","duration":208.12130000000025,"failureMessages":[],"meta":{}},{"ancestorTitles":["Cache Retention (PIT_CACHE_RETENTION)","Anthropic Provider"],"fullName":"Cache Retention (PIT_CACHE_RETENTION) Anthropic Provider should set 1h cache TTL when cacheRetention is long","status":"passed","title":"should set 1h cache TTL when cacheRetention is long","duration":230.77739999999994,"failureMessages":[],"meta":{}},{"ancestorTitles":["Cache Retention (PIT_CACHE_RETENTION)","Precedence: PIT_CACHE_RETENTION env > explicit caller option"],"fullName":"Cache Retention (PIT_CACHE_RETENTION) Precedence: PIT_CACHE_RETENTION env > explicit caller option PIT_CACHE_RETENTION=short overrides an explicit 'long' option (no 1h ttl)","status":"passed","title":"PIT_CACHE_RETENTION=short overrides an explicit 'long' option (no 1h ttl)","duration":0.6014000000000124,"failureMessages":[],"meta":{}},{"ancestorTitles":["Cache Retention (PIT_CACHE_RETENTION)","Precedence: PIT_CACHE_RETENTION env > explicit caller option"],"fullName":"Cache Retention (PIT_CACHE_RETENTION) Precedence: PIT_CACHE_RETENTION env > explicit caller option PIT_CACHE_RETENTION=long overrides an explicit 'short' option (1h ttl)","status":"passed","title":"PIT_CACHE_RETENTION=long overrides an explicit 'short' option (1h ttl)","duration":0.41329999999970823,"failureMessages":[],"meta":{}},{"ancestorTitles":["Cache Retention (PIT_CACHE_RETENTION)","Precedence: PIT_CACHE_RETENTION env > explicit caller option"],"fullName":"Cache Retention (PIT_CACHE_RETENTION) Precedence: PIT_CACHE_RETENTION env > explicit caller option PIT_CACHE_RETENTION=none overrides an explicit 'long' option (no cache_control)","status":"passed","title":"PIT_CACHE_RETENTION=none overrides an explicit 'long' option (no cache_control)","duration":0.4130000000000109,"failureMessages":[],"meta":{}},{"ancestorTitles":["Cache Retention (PIT_CACHE_RETENTION)","Precedence: PIT_CACHE_RETENTION env > explicit caller option"],"fullName":"Cache Retention (PIT_CACHE_RETENTION) Precedence: PIT_CACHE_RETENTION env > explicit caller option explicit option still wins over the default when env is unset","status":"passed","title":"explicit option still wins over the default when env is unset","duration":1.047399999999925,"failureMessages":[],"meta":{}},{"ancestorTitles":["Cache Retention (PIT_CACHE_RETENTION)","OpenAI Responses Provider"],"fullName":"Cache Retention (PIT_CACHE_RETENTION) OpenAI Responses Provider should not set prompt_cache_retention when PIT_CACHE_RETENTION is not set","status":"skipped","title":"should not set prompt_cache_retention when PIT_CACHE_RETENTION is not set","failureMessages":[],"meta":{}},{"ancestorTitles":["Cache Retention (PIT_CACHE_RETENTION)","OpenAI Responses Provider"],"fullName":"Cache Retention (PIT_CACHE_RETENTION) OpenAI Responses Provider should set prompt_cache_retention to 24h when PIT_CACHE_RETENTION=long","status":"skipped","title":"should set prompt_cache_retention to 24h when PIT_CACHE_RETENTION=long","failureMessages":[],"meta":{}},{"ancestorTitles":["Cache Retention (PIT_CACHE_RETENTION)","OpenAI Responses Provider"],"fullName":"Cache Retention (PIT_CACHE_RETENTION) OpenAI Responses Provider should set prompt_cache_retention for non-api.openai.com baseUrl by default","status":"passed","title":"should set prompt_cache_retention for non-api.openai.com baseUrl by default","duration":1440.3862000000004,"failureMessages":[],"meta":{}},{"ancestorTitles":["Cache Retention (PIT_CACHE_RETENTION)","OpenAI Responses Provider"],"fullName":"Cache Retention (PIT_CACHE_RETENTION) OpenAI Responses Provider should omit prompt_cache_retention when supportsLongCacheRetention is false","status":"passed","title":"should omit prompt_cache_retention when supportsLongCacheRetention is false","duration":755.3759,"failureMessages":[],"meta":{}},{"ancestorTitles":["Cache Retention (PIT_CACHE_RETENTION)","OpenAI Responses Provider"],"fullName":"Cache Retention (PIT_CACHE_RETENTION) OpenAI Responses Provider should omit prompt_cache_key when cacheRetention is none","status":"passed","title":"should omit prompt_cache_key when cacheRetention is none","duration":251.95259999999962,"failureMessages":[],"meta":{}},{"ancestorTitles":["Cache Retention (PIT_CACHE_RETENTION)","OpenAI Responses Provider"],"fullName":"Cache Retention (PIT_CACHE_RETENTION) OpenAI Responses Provider should set prompt_cache_retention when cacheRetention is long","status":"passed","title":"should set prompt_cache_retention when cacheRetention is long","duration":288.58550000000014,"failureMessages":[],"meta":{}},{"ancestorTitles":["Cache Retention (PIT_CACHE_RETENTION)","OpenAI Completions Provider"],"fullName":"Cache Retention (PIT_CACHE_RETENTION) OpenAI Completions Provider should set prompt_cache_retention for non-api.openai.com baseUrl by default","status":"passed","title":"should set prompt_cache_retention for non-api.openai.com baseUrl by default","duration":1485.3923000000004,"failureMessages":[],"meta":{}},{"ancestorTitles":["Cache Retention (PIT_CACHE_RETENTION)","OpenAI Completions Provider"],"fullName":"Cache Retention (PIT_CACHE_RETENTION) OpenAI Completions Provider should omit prompt_cache_retention when supportsLongCacheRetention is false","status":"passed","title":"should omit prompt_cache_retention when supportsLongCacheRetention is false","duration":1402.5695999999998,"failureMessages":[],"meta":{}}],"startTime":1785481881484,"endTime":1785481889080.5696,"status":"passed","message":"","name":"C:/PiTest/packages/ai/test/cache-retention.test.ts"},{"assertionResults":[{"ancestorTitles":["calculateCost — retention-aware cache writes"],"fullName":"calculateCost — retention-aware cache writes prices an all-long write at 2.0x base input, not 1.25x","status":"passed","title":"prices an all-long write at 2.0x base input, not 1.25x","duration":0.9893999999999892,"failureMessages":[],"meta":{}},{"ancestorTitles":["calculateCost — retention-aware cache writes"],"fullName":"calculateCost — retention-aware cache writes leaves a short-only write at the listed rate","status":"passed","title":"leaves a short-only write at the listed rate","duration":0.2533000000000243,"failureMessages":[],"meta":{}},{"ancestorTitles":["calculateCost — retention-aware cache writes"],"fullName":"calculateCost — retention-aware cache writes is byte-identical to the pre-split behavior when the provider omits the breakdown","status":"passed","title":"is byte-identical to the pre-split behavior when the provider omits the breakdown","duration":0.14509999999998513,"failureMessages":[],"meta":{}},{"ancestorTitles":["calculateCost — retention-aware cache writes"],"fullName":"calculateCost — retention-aware cache writes bills a mixed request per slice","status":"passed","title":"bills a mixed request per slice","duration":0.1875,"failureMessages":[],"meta":{}},{"ancestorTitles":["calculateCost — retention-aware cache writes"],"fullName":"calculateCost — retention-aware cache writes clamps a long slice larger than the total instead of inflating the bill","status":"passed","title":"clamps a long slice larger than the total instead of inflating the bill","duration":0.13599999999999568,"failureMessages":[],"meta":{}},{"ancestorTitles":["calculateCost — retention-aware cache writes"],"fullName":"calculateCost — retention-aware cache writes clamps a negative long slice","status":"passed","title":"clamps a negative long slice","duration":0.14670000000000982,"failureMessages":[],"meta":{}},{"ancestorTitles":["calculateCost — retention-aware cache writes"],"fullName":"calculateCost — retention-aware cache writes folds the cache-write cost into the total","status":"passed","title":"folds the cache-write cost into the total","duration":0.106899999999996,"failureMessages":[],"meta":{}},{"ancestorTitles":["calculateCost — retention-aware cache writes"],"fullName":"calculateCost — retention-aware cache writes keeps the multiplier pinned to Anthropic's 2.0x / 1.25x ratio","status":"passed","title":"keeps the multiplier pinned to Anthropic's 2.0x / 1.25x ratio","duration":0.1320999999999799,"failureMessages":[],"meta":{}}],"startTime":1785481883387,"endTime":1785481883390.132,"status":"passed","message":"","name":"C:/PiTest/packages/ai/test/cache-write-pricing.test.ts"},{"assertionResults":[{"ancestorTitles":["createClientCache"],"fullName":"createClientCache reuses the client for an identical config (preserves keep-alive)","status":"passed","title":"reuses the client for an identical config (preserves keep-alive)","duration":0.9050000000000011,"failureMessages":[],"meta":{}},{"ancestorTitles":["createClientCache"],"fullName":"createClientCache builds a new client when any config field changes (never serves stale)","status":"passed","title":"builds a new client when any config field changes (never serves stale)","duration":0.7646000000000015,"failureMessages":[],"meta":{}},{"ancestorTitles":["createClientCache"],"fullName":"createClientCache bounds the cache (LRU eviction) so dispatchers do not accumulate","status":"passed","title":"bounds the cache (LRU eviction) so dispatchers do not accumulate","duration":0.32280000000000086,"failureMessages":[],"meta":{}},{"ancestorTitles":["createClientCache"],"fullName":"createClientCache refreshes recency so a touched entry survives eviction","status":"passed","title":"refreshes recency so a touched entry survives eviction","duration":0.3720000000000141,"failureMessages":[],"meta":{}},{"ancestorTitles":["createClientCache"],"fullName":"createClientCache clear() empties the cache","status":"passed","title":"clear() empties the cache","duration":0.11329999999998108,"failureMessages":[],"meta":{}}],"startTime":1785481883018,"endTime":1785481883020.372,"status":"passed","message":"","name":"C:/PiTest/packages/ai/test/client-cache.test.ts"},{"assertionResults":[{"ancestorTitles":["serializeToolArgs — compact tool arguments"],"fullName":"serializeToolArgs — compact tool arguments keeps object arguments compact (the common case)","status":"passed","title":"keeps object arguments compact (the common case)","duration":0.7957000000000107,"failureMessages":[],"meta":{}},{"ancestorTitles":["serializeToolArgs — compact tool arguments"],"fullName":"serializeToolArgs — compact tool arguments re-serializes a pretty-printed JSON string argument as compact","status":"passed","title":"re-serializes a pretty-printed JSON string argument as compact","duration":0.25849999999999795,"failureMessages":[],"meta":{}},{"ancestorTitles":["serializeToolArgs — compact tool arguments"],"fullName":"serializeToolArgs — compact tool arguments passes a malformed string argument through untouched","status":"passed","title":"passes a malformed string argument through untouched","duration":0.1745999999999981,"failureMessages":[],"meta":{}},{"ancestorTitles":["serializeToolArgs — compact tool arguments"],"fullName":"serializeToolArgs — compact tool arguments does not compact string arguments when PIT_NO_COMPACT_ARGS is set","status":"passed","title":"does not compact string arguments when PIT_NO_COMPACT_ARGS is set","duration":0.11379999999999768,"failureMessages":[],"meta":{}},{"ancestorTitles":["compact tool arguments on the wire"],"fullName":"compact tool arguments on the wire emits a pretty-printed historical argument as compact JSON on the wire","status":"passed","title":"emits a pretty-printed historical argument as compact JSON on the wire","duration":22.431299999999993,"failureMessages":[],"meta":{}}],"startTime":1785481882361,"endTime":1785481882384.4314,"status":"passed","message":"","name":"C:/PiTest/packages/ai/test/compact-tool-args.test.ts"},{"assertionResults":[{"ancestorTitles":["createConnectGuard"],"fullName":"createConnectGuard resolves a normal connect and leaves the signal unaborted","status":"passed","title":"resolves a normal connect and leaves the signal unaborted","duration":2.1411000000000513,"failureMessages":[],"meta":{}},{"ancestorTitles":["createConnectGuard"],"fullName":"createConnectGuard rejects promptly on user abort even when the connect never settles (the wedge)","status":"passed","title":"rejects promptly on user abort even when the connect never settles (the wedge)","duration":1.3392000000000053,"failureMessages":[],"meta":{}},{"ancestorTitles":["createConnectGuard"],"fullName":"createConnectGuard rejects immediately when the user signal is already aborted","status":"passed","title":"rejects immediately when the user signal is already aborted","duration":0.3908000000000129,"failureMessages":[],"meta":{}},{"ancestorTitles":["createConnectGuard"],"fullName":"createConnectGuard rejects with a retryable timeout error when the connect stalls past the budget","status":"passed","title":"rejects with a retryable timeout error when the connect stalls past the budget","duration":26.780500000000018,"failureMessages":[],"meta":{}},{"ancestorTitles":["createConnectGuard"],"fullName":"createConnectGuard propagates a real connect error unchanged (not masked as a timeout)","status":"passed","title":"propagates a real connect error unchanged (not masked as a timeout)","duration":0.40440000000000964,"failureMessages":[],"meta":{}},{"ancestorTitles":["createConnectGuard"],"fullName":"createConnectGuard keeps forwarding user abort to the signal during the body phase (after connect)","status":"passed","title":"keeps forwarding user abort to the signal during the body phase (after connect)","duration":0.32119999999997617,"failureMessages":[],"meta":{}},{"ancestorTitles":["createConnectGuard"],"fullName":"createConnectGuard re-arms the connect ceiling for a retry after the first settle cleared it","status":"passed","title":"re-arms the connect ceiling for a retry after the first settle cleared it","duration":30.56419999999997,"failureMessages":[],"meta":{}},{"ancestorTitles":["createConnectGuard"],"fullName":"createConnectGuard rearm is a no-op once the guard has already aborted (torn-down request stays down)","status":"passed","title":"rearm is a no-op once the guard has already aborted (torn-down request stays down)","duration":0.6549999999999727,"failureMessages":[],"meta":{}},{"ancestorTitles":["createConnectGuard"],"fullName":"createConnectGuard a late rejection from the orphaned connect does not throw out of the guard","status":"passed","title":"a late rejection from the orphaned connect does not throw out of the guard","duration":14.416600000000017,"failureMessages":[],"meta":{}}],"startTime":1785481881403,"endTime":1785481881480.4165,"status":"passed","message":"","name":"C:/PiTest/packages/ai/test/connect-guard.test.ts"},{"assertionResults":[{"ancestorTitles":["Context overflow error handling","Anthropic (API Key)"],"fullName":"Context overflow error handling Anthropic (API Key) claude-haiku-4-5 - should detect overflow via isContextOverflow","status":"skipped","title":"claude-haiku-4-5 - should detect overflow via isContextOverflow","failureMessages":[],"meta":{}},{"ancestorTitles":["Context overflow error handling","Anthropic (OAuth)"],"fullName":"Context overflow error handling Anthropic (OAuth) claude-sonnet-4 - should detect overflow via isContextOverflow","status":"skipped","title":"claude-sonnet-4 - should detect overflow via isContextOverflow","failureMessages":[],"meta":{}},{"ancestorTitles":["Context overflow error handling","OpenAI Codex (OAuth)"],"fullName":"Context overflow error handling OpenAI Codex (OAuth) gpt-5.5 - should detect overflow via isContextOverflow","status":"passed","title":"gpt-5.5 - should detect overflow via isContextOverflow","duration":1080.1705000000002,"failureMessages":[],"meta":{}},{"ancestorTitles":["Context overflow error handling","Ollama (local)"],"fullName":"Context overflow error handling Ollama (local) gpt-oss:20b - should detect overflow via isContextOverflow (ollama silently truncates)","status":"passed","title":"gpt-oss:20b - should detect overflow via isContextOverflow (ollama silently truncates)","duration":9830.3791,"failureMessages":[],"meta":{}},{"ancestorTitles":["Context overflow error handling","LM Studio (local)"],"fullName":"Context overflow error handling LM Studio (local) should detect overflow via isContextOverflow","status":"skipped","title":"should detect overflow via isContextOverflow","failureMessages":[],"meta":{}},{"ancestorTitles":["Context overflow error handling","llama.cpp (local)"],"fullName":"Context overflow error handling llama.cpp (local) should detect overflow via isContextOverflow","status":"skipped","title":"should detect overflow via isContextOverflow","failureMessages":[],"meta":{}}],"startTime":1785481881909,"endTime":1785481894033.3792,"status":"passed","message":"","name":"C:/PiTest/packages/ai/test/context-overflow.test.ts"},{"assertionResults":[{"ancestorTitles":["CredentialPool"],"fullName":"CredentialPool register replaces entries for a provider","status":"passed","title":"register replaces entries for a provider","duration":1.2135000000000105,"failureMessages":[],"meta":{}},{"ancestorTitles":["CredentialPool"],"fullName":"CredentialPool pick with sessionId returns the same key on repeat calls (sticky)","status":"passed","title":"pick with sessionId returns the same key on repeat calls (sticky)","duration":0.27489999999997394,"failureMessages":[],"meta":{}},{"ancestorTitles":["CredentialPool"],"fullName":"CredentialPool markFailure rate-limit puts key on cooldown; next pick returns next entry","status":"passed","title":"markFailure rate-limit puts key on cooldown; next pick returns next entry","duration":0.9535999999999945,"failureMessages":[],"meta":{}},{"ancestorTitles":["CredentialPool"],"fullName":"CredentialPool markFailure auth cooldowns key essentially forever","status":"passed","title":"markFailure auth cooldowns key essentially forever","duration":0.21030000000001792,"failureMessages":[],"meta":{}},{"ancestorTitles":["CredentialPool"],"fullName":"CredentialPool markSuccess clears failure count","status":"passed","title":"markSuccess clears failure count","duration":0.12879999999998404,"failureMessages":[],"meta":{}},{"ancestorTitles":["CredentialPool"],"fullName":"CredentialPool addRuntimeKey appends entries","status":"passed","title":"addRuntimeKey appends entries","duration":0.12399999999999523,"failureMessages":[],"meta":{}},{"ancestorTitles":["CredentialPool"],"fullName":"CredentialPool awaitFreeSlot resolves immediately when slot ready","status":"passed","title":"awaitFreeSlot resolves immediately when slot ready","duration":0.5335000000000036,"failureMessages":[],"meta":{}},{"ancestorTitles":["CredentialPool"],"fullName":"CredentialPool awaitFreeSlot rejects/skips when timeout < cooldown","status":"passed","title":"awaitFreeSlot rejects/skips when timeout < cooldown","duration":1.0183000000000106,"failureMessages":[],"meta":{}}],"startTime":1785481882758,"endTime":1785481882762.0183,"status":"passed","message":"","name":"C:/PiTest/packages/ai/test/credential-pool.test.ts"},{"assertionResults":[{"ancestorTitles":["Cross-Provider Handoff"],"fullName":"Cross-Provider Handoff should have at least 2 fixtures to test handoffs","status":"skipped","title":"should have at least 2 fixtures to test handoffs","failureMessages":[],"meta":{}},{"ancestorTitles":["Cross-Provider Handoff"],"fullName":"Cross-Provider Handoff should handle cross-provider handoffs for each target","status":"skipped","title":"should handle cross-provider handoffs for each target","failureMessages":[],"meta":{}}],"startTime":1785481880820,"endTime":1785481880820,"status":"passed","message":"","name":"C:/PiTest/packages/ai/test/cross-provider-handoff.test.ts"},{"assertionResults":[{"ancestorTitles":["M1 — openai-responses dynamic prompt relocation"],"fullName":"M1 — openai-responses dynamic prompt relocation keeps only the static part in the system message and prepends <env> to the last user message","status":"passed","title":"keeps only the static part in the system message and prepends <env> to the last user message","duration":3.943899999999985,"failureMessages":[],"meta":{}},{"ancestorTitles":["M1 — openai-responses dynamic prompt relocation"],"fullName":"M1 — openai-responses dynamic prompt relocation is a no-op when the system prompt has no dynamic marker","status":"passed","title":"is a no-op when the system prompt has no dynamic marker","duration":0.30299999999999727,"failureMessages":[],"meta":{}},{"ancestorTitles":["M1 — openai-responses dynamic prompt relocation"],"fullName":"M1 — openai-responses dynamic prompt relocation falls back to the full stripped system prompt when the payload has no user message","status":"passed","title":"falls back to the full stripped system prompt when the payload has no user message","duration":0.19839999999999236,"failureMessages":[],"meta":{}},{"ancestorTitles":["M1 — openai-responses dynamic prompt relocation"],"fullName":"M1 — openai-responses dynamic prompt relocation does not mutate the caller's context","status":"passed","title":"does not mutate the caller's context","duration":0.41919999999998936,"failureMessages":[],"meta":{}},{"ancestorTitles":["M1 — openai-codex-responses dynamic prompt relocation"],"fullName":"M1 — openai-codex-responses dynamic prompt relocation keeps instructions static and prepends <env> to the last user input item","status":"passed","title":"keeps instructions static and prepends <env> to the last user input item","duration":0.7361999999999966,"failureMessages":[],"meta":{}},{"ancestorTitles":["M1 — google dynamic prompt relocation"],"fullName":"M1 — google dynamic prompt relocation keeps only the static part in systemInstruction and prepends <env> to the last user turn","status":"passed","title":"keeps only the static part in systemInstruction and prepends <env> to the last user turn","duration":0.44830000000001746,"failureMessages":[],"meta":{}},{"ancestorTitles":["M1 — google dynamic prompt relocation"],"fullName":"M1 — google dynamic prompt relocation targets the last REAL user turn, not a trailing function-response turn","status":"passed","title":"targets the last REAL user turn, not a trailing function-response turn","duration":0.478999999999985,"failureMessages":[],"meta":{}},{"ancestorTitles":["M1 — google dynamic prompt relocation"],"fullName":"M1 — google dynamic prompt relocation is a no-op when the system prompt has no dynamic marker","status":"passed","title":"is a no-op when the system prompt has no dynamic marker","duration":0.1671000000000049,"failureMessages":[],"meta":{}},{"ancestorTitles":["M1 — google dynamic prompt relocation"],"fullName":"M1 — google dynamic prompt relocation falls back to the full stripped prompt when there is no real user turn","status":"passed","title":"falls back to the full stripped prompt when there is no real user turn","duration":0.38870000000002847,"failureMessages":[],"meta":{}},{"ancestorTitles":["M1 — openai-completions (automatic prefix cache route) dynamic prompt relocation"],"fullName":"M1 — openai-completions (automatic prefix cache route) dynamic prompt relocation keeps only the static part in the system message and prefixes the last user string content","status":"passed","title":"keeps only the static part in the system message and prefixes the last user string content","duration":1.9560000000000173,"failureMessages":[],"meta":{}},{"ancestorTitles":["M1 — openai-completions (automatic prefix cache route) dynamic prompt relocation"],"fullName":"M1 — openai-completions (automatic prefix cache route) dynamic prompt relocation prepends a text part when the last user message has array content","status":"passed","title":"prepends a text part when the last user message has array content","duration":0.5384999999999991,"failureMessages":[],"meta":{}},{"ancestorTitles":["M1 — openai-completions (automatic prefix cache route) dynamic prompt relocation"],"fullName":"M1 — openai-completions (automatic prefix cache route) dynamic prompt relocation targets the last real user message, not a trailing tool result","status":"passed","title":"targets the last real user message, not a trailing tool result","duration":0.5536000000000172,"failureMessages":[],"meta":{}},{"ancestorTitles":["M1 — openai-completions (automatic prefix cache route) dynamic prompt relocation"],"fullName":"M1 — openai-completions (automatic prefix cache route) dynamic prompt relocation falls back to the full stripped system prompt when the payload has no user message","status":"passed","title":"falls back to the full stripped system prompt when the payload has no user message","duration":0.31749999999999545,"failureMessages":[],"meta":{}}],"startTime":1785481882633,"endTime":1785481882644.3174,"status":"passed","message":"","name":"C:/PiTest/packages/ai/test/dynamic-prompt-relocation.test.ts"},{"assertionResults":[{"ancestorTitles":["AI Providers Empty Message Tests","Anthropic Provider Empty Messages"],"fullName":"AI Providers Empty Message Tests Anthropic Provider Empty Messages should handle empty content array","status":"skipped","title":"should handle empty content array","failureMessages":[],"meta":{}},{"ancestorTitles":["AI Providers Empty Message Tests","Anthropic Provider Empty Messages"],"fullName":"AI Providers Empty Message Tests Anthropic Provider Empty Messages should handle empty string content","status":"skipped","title":"should handle empty string content","failureMessages":[],"meta":{}},{"ancestorTitles":["AI Providers Empty Message Tests","Anthropic Provider Empty Messages"],"fullName":"AI Providers Empty Message Tests Anthropic Provider Empty Messages should handle whitespace-only content","status":"skipped","title":"should handle whitespace-only content","failureMessages":[],"meta":{}},{"ancestorTitles":["AI Providers Empty Message Tests","Anthropic Provider Empty Messages"],"fullName":"AI Providers Empty Message Tests Anthropic Provider Empty Messages should handle empty assistant message in conversation","status":"skipped","title":"should handle empty assistant message in conversation","failureMessages":[],"meta":{}},{"ancestorTitles":["AI Providers Empty Message Tests","Anthropic OAuth Provider Empty Messages"],"fullName":"AI Providers Empty Message Tests Anthropic OAuth Provider Empty Messages should handle empty content array","status":"passed","title":"should handle empty content array","duration":556.7087,"failureMessages":[],"meta":{}},{"ancestorTitles":["AI Providers Empty Message Tests","Anthropic OAuth Provider Empty Messages"],"fullName":"AI Providers Empty Message Tests Anthropic OAuth Provider Empty Messages should handle empty string content","status":"passed","title":"should handle empty string content","duration":357.1494,"failureMessages":[],"meta":{}},{"ancestorTitles":["AI Providers Empty Message Tests","Anthropic OAuth Provider Empty Messages"],"fullName":"AI Providers Empty Message Tests Anthropic OAuth Provider Empty Messages should handle whitespace-only content","status":"passed","title":"should handle whitespace-only content","duration":222.6418000000001,"failureMessages":[],"meta":{}},{"ancestorTitles":["AI Providers Empty Message Tests","Anthropic OAuth Provider Empty Messages"],"fullName":"AI Providers Empty Message Tests Anthropic OAuth Provider Empty Messages should handle empty assistant message in conversation","status":"passed","title":"should handle empty assistant message in conversation","duration":1786.8201,"failureMessages":[],"meta":{}},{"ancestorTitles":["AI Providers Empty Message Tests","OpenAI Codex Provider Empty Messages"],"fullName":"AI Providers Empty Message Tests OpenAI Codex Provider Empty Messages gpt-5.5 - should handle empty content array","status":"skipped","title":"gpt-5.5 - should handle empty content array","failureMessages":[],"meta":{}},{"ancestorTitles":["AI Providers Empty Message Tests","OpenAI Codex Provider Empty Messages"],"fullName":"AI Providers Empty Message Tests OpenAI Codex Provider Empty Messages gpt-5.5 - should handle empty string content","status":"skipped","title":"gpt-5.5 - should handle empty string content","failureMessages":[],"meta":{}},{"ancestorTitles":["AI Providers Empty Message Tests","OpenAI Codex Provider Empty Messages"],"fullName":"AI Providers Empty Message Tests OpenAI Codex Provider Empty Messages gpt-5.5 - should handle whitespace-only content","status":"skipped","title":"gpt-5.5 - should handle whitespace-only content","failureMessages":[],"meta":{}},{"ancestorTitles":["AI Providers Empty Message Tests","OpenAI Codex Provider Empty Messages"],"fullName":"AI Providers Empty Message Tests OpenAI Codex Provider Empty Messages gpt-5.5 - should handle empty assistant message in conversation","status":"skipped","title":"gpt-5.5 - should handle empty assistant message in conversation","failureMessages":[],"meta":{}}],"startTime":1785481881765,"endTime":1785481884687.82,"status":"passed","message":"","name":"C:/PiTest/packages/ai/test/empty.test.ts"},{"assertionResults":[{"ancestorTitles":["EventStream cursor dequeue"],"fullName":"EventStream cursor dequeue (1) drains a 3000-event burst in exact order, crossing the compaction threshold","status":"passed","title":"(1) drains a 3000-event burst in exact order, crossing the compaction threshold","duration":37.586299999999994,"failureMessages":[],"meta":{}},{"ancestorTitles":["EventStream cursor dequeue"],"fullName":"EventStream cursor dequeue (1b) interleaving push during consumption keeps order across compaction","status":"passed","title":"(1b) interleaving push during consumption keeps order across compaction","duration":59.96909999999997,"failureMessages":[],"meta":{}},{"ancestorTitles":["EventStream cursor dequeue"],"fullName":"EventStream cursor dequeue (2) a waiting consumer receives a direct push (waiter path)","status":"passed","title":"(2) a waiting consumer receives a direct push (waiter path)","duration":1.1983999999999924,"failureMessages":[],"meta":{}},{"ancestorTitles":["EventStream cursor dequeue"],"fullName":"EventStream cursor dequeue (3) push after done is ignored","status":"passed","title":"(3) push after done is ignored","duration":0.23529999999993834,"failureMessages":[],"meta":{}},{"ancestorTitles":["EventStream cursor dequeue"],"fullName":"EventStream cursor dequeue (4) end() with consumers waiting terminates the iteration","status":"passed","title":"(4) end() with consumers waiting terminates the iteration","duration":1.8120000000000118,"failureMessages":[],"meta":{}},{"ancestorTitles":["EventStream cursor dequeue"],"fullName":"EventStream cursor dequeue (4b) multiple waiters are all released by end()","status":"passed","title":"(4b) multiple waiters are all released by end()","duration":0.2481999999999971,"failureMessages":[],"meta":{}},{"ancestorTitles":["EventStream cursor dequeue"],"fullName":"EventStream cursor dequeue (5) result() resolves with the completion event's extracted result","status":"passed","title":"(5) result() resolves with the completion event's extracted result","duration":0.28710000000000946,"failureMessages":[],"meta":{}},{"ancestorTitles":["EventStream backlog observability guard"],"fullName":"EventStream backlog observability guard (6) warns exactly once when the unconsumed backlog crosses the threshold","status":"passed","title":"(6) warns exactly once when the unconsumed backlog crosses the threshold","duration":3.5751000000000204,"failureMessages":[],"meta":{}},{"ancestorTitles":["EventStream backlog observability guard"],"fullName":"EventStream backlog observability guard (7) does not warn below the threshold","status":"passed","title":"(7) does not warn below the threshold","duration":0.48730000000000473,"failureMessages":[],"meta":{}},{"ancestorTitles":["EventStream backlog observability guard"],"fullName":"EventStream backlog observability guard (8) a value <= 0 disables the guard entirely","status":"passed","title":"(8) a value <= 0 disables the guard entirely","duration":0.39549999999997,"failureMessages":[],"meta":{}},{"ancestorTitles":["EventStream backlog observability guard"],"fullName":"EventStream backlog observability guard (8b) hard max throws once the unconsumed backlog crosses the ceiling","status":"passed","title":"(8b) hard max throws once the unconsumed backlog crosses the ceiling","duration":1.7964000000000624,"failureMessages":[],"meta":{}},{"ancestorTitles":["EventStream backlog observability guard"],"fullName":"EventStream backlog observability guard (9) a keeping-up consumer (waiter present) never trips the guard","status":"passed","title":"(9) a keeping-up consumer (waiter present) never trips the guard","duration":0.8220000000000027,"failureMessages":[],"meta":{}}],"startTime":1785481881438,"endTime":1785481881546.822,"status":"passed","message":"","name":"C:/PiTest/packages/ai/test/event-stream.test.ts"},{"assertionResults":[{"ancestorTitles":["faux provider"],"fullName":"faux provider registers a custom provider and estimates usage","status":"passed","title":"registers a custom provider and estimates usage","duration":3.282699999999977,"failureMessages":[],"meta":{}},{"ancestorTitles":["faux provider"],"fullName":"faux provider supports helper blocks for text, thinking, and tool calls","status":"passed","title":"supports helper blocks for text, thinking, and tool calls","duration":0.9049999999999727,"failureMessages":[],"meta":{}},{"ancestorTitles":["faux provider"],"fullName":"faux provider supports multiple models with per-model reasoning and model-aware factories","status":"passed","title":"supports multiple models with per-model reasoning and model-aware factories","duration":0.8853000000000293,"failureMessages":[],"meta":{}},{"ancestorTitles":["faux provider"],"fullName":"faux provider rewrites api, provider, and model on returned messages","status":"passed","title":"rewrites api, provider, and model on returned messages","duration":0.37150000000008276,"failureMessages":[],"meta":{}},{"ancestorTitles":["faux provider"],"fullName":"faux provider consumes queued responses in order and errors when exhausted","status":"passed","title":"consumes queued responses in order and errors when exhausted","duration":0.5593000000000075,"failureMessages":[],"meta":{}},{"ancestorTitles":["faux provider"],"fullName":"faux provider can replace and append queued responses","status":"passed","title":"can replace and append queued responses","duration":0.7693000000000438,"failureMessages":[],"meta":{}},{"ancestorTitles":["faux provider"],"fullName":"faux provider supports async response factories","status":"passed","title":"supports async response factories","duration":0.36150000000009186,"failureMessages":[],"meta":{}},{"ancestorTitles":["faux provider"],"fullName":"faux provider emits an error when a response factory throws","status":"passed","title":"emits an error when a response factory throws","duration":0.7273000000000138,"failureMessages":[],"meta":{}},{"ancestorTitles":["faux provider"],"fullName":"faux provider estimates prompt and output tokens from serialized context","status":"passed","title":"estimates prompt and output tokens from serialized context","duration":0.48709999999994125,"failureMessages":[],"meta":{}},{"ancestorTitles":["faux provider"],"fullName":"faux provider does not share cache across sessions or requests without sessionId","status":"passed","title":"does not share cache across sessions or requests without sessionId","duration":0.2635999999999967,"failureMessages":[],"meta":{}},{"ancestorTitles":["faux provider"],"fullName":"faux provider simulates prompt caching per sessionId","status":"passed","title":"simulates prompt caching per sessionId","duration":0.24469999999996617,"failureMessages":[],"meta":{}},{"ancestorTitles":["faux provider"],"fullName":"faux provider does not simulate caching when cacheRetention is none","status":"passed","title":"does not simulate caching when cacheRetention is none","duration":0.15200000000004366,"failureMessages":[],"meta":{}},{"ancestorTitles":["faux provider"],"fullName":"faux provider streams thinking, text, and partial tool call deltas","status":"passed","title":"streams thinking, text, and partial tool call deltas","duration":0.8444999999999254,"failureMessages":[],"meta":{}},{"ancestorTitles":["faux provider"],"fullName":"faux provider streams an exact event order for fixed-size chunks","status":"passed","title":"streams an exact event order for fixed-size chunks","duration":0.2300000000000182,"failureMessages":[],"meta":{}},{"ancestorTitles":["faux provider"],"fullName":"faux provider streams multiple tool calls in one message","status":"passed","title":"streams multiple tool calls in one message","duration":0.27100000000007185,"failureMessages":[],"meta":{}},{"ancestorTitles":["faux provider"],"fullName":"faux provider streams an explicit assistant error message as a terminal error","status":"passed","title":"streams an explicit assistant error message as a terminal error","duration":0.22119999999995343,"failureMessages":[],"meta":{}},{"ancestorTitles":["faux provider"],"fullName":"faux provider streams an explicit assistant aborted message as a terminal error","status":"passed","title":"streams an explicit assistant aborted message as a terminal error","duration":0.1694999999999709,"failureMessages":[],"meta":{}},{"ancestorTitles":["faux provider"],"fullName":"faux provider supports aborting before the first chunk","status":"passed","title":"supports aborting before the first chunk","duration":0.32789999999999964,"failureMessages":[],"meta":{}},{"ancestorTitles":["faux provider"],"fullName":"faux provider supports aborting mid-text stream when paced","status":"passed","title":"supports aborting mid-text stream when paced","duration":64.48199999999997,"failureMessages":[],"meta":{}},{"ancestorTitles":["faux provider"],"fullName":"faux provider supports aborting mid-thinking stream when paced","status":"passed","title":"supports aborting mid-thinking stream when paced","duration":60.94809999999984,"failureMessages":[],"meta":{}},{"ancestorTitles":["faux provider"],"fullName":"faux provider supports aborting mid-toolcall stream when paced","status":"passed","title":"supports aborting mid-toolcall stream when paced","duration":77.9068000000002,"failureMessages":[],"meta":{}},{"ancestorTitles":["faux provider"],"fullName":"faux provider unregisters the provider","status":"passed","title":"unregisters the provider","duration":1.3649000000000342,"failureMessages":[],"meta":{}}],"startTime":1785481881963,"endTime":1785481882179.365,"status":"passed","message":"","name":"C:/PiTest/packages/ai/test/faux-provider.test.ts"},{"assertionResults":[{"ancestorTitles":["google-shared convertTools"],"fullName":"google-shared convertTools strips JSON Schema meta keys from parameters when useParameters=true","status":"passed","title":"strips JSON Schema meta keys from parameters when useParameters=true","duration":2.5351,"failureMessages":[],"meta":{}},{"ancestorTitles":["google-shared convertTools"],"fullName":"google-shared convertTools recursively strips nested JSON Schema meta keys","status":"passed","title":"recursively strips nested JSON Schema meta keys","duration":0.422300000000007,"failureMessages":[],"meta":{}},{"ancestorTitles":["google-shared convertTools"],"fullName":"google-shared convertTools preserves $ref while stripping meta keys","status":"passed","title":"preserves $ref while stripping meta keys","duration":0.2189999999999941,"failureMessages":[],"meta":{}},{"ancestorTitles":["google-shared convertTools"],"fullName":"google-shared convertTools does not mutate the original Tool.parameters object","status":"passed","title":"does not mutate the original Tool.parameters object","duration":0.21610000000003993,"failureMessages":[],"meta":{}},{"ancestorTitles":["google-shared convertTools"],"fullName":"google-shared convertTools preserves $schema in parametersJsonSchema when useParameters=false","status":"passed","title":"preserves $schema in parametersJsonSchema when useParameters=false","duration":0.17439999999999145,"failureMessages":[],"meta":{}},{"ancestorTitles":["google-shared convertTools"],"fullName":"google-shared convertTools handles tools without $schema gracefully","status":"passed","title":"handles tools without $schema gracefully","duration":0.19220000000001392,"failureMessages":[],"meta":{}},{"ancestorTitles":["google-shared convertTools"],"fullName":"google-shared convertTools returns undefined for empty tool list","status":"passed","title":"returns undefined for empty tool list","duration":0.12319999999999709,"failureMessages":[],"meta":{}}],"startTime":1785481883217,"endTime":1785481883221.1921,"status":"passed","message":"","name":"C:/PiTest/packages/ai/test/google-shared-convert-tools.test.ts"},{"assertionResults":[{"ancestorTitles":["google-shared convertMessages — Gemini 3 unsigned tool calls"],"fullName":"google-shared convertMessages — Gemini 3 unsigned tool calls does not add skip_thought_signature_validator for unsigned Google Gen AI tool calls","status":"passed","title":"does not add skip_thought_signature_validator for unsigned Google Gen AI tool calls","duration":2.3548000000000116,"failureMessages":[],"meta":{}},{"ancestorTitles":["google-shared convertMessages — Gemini 3 unsigned tool calls"],"fullName":"google-shared convertMessages — Gemini 3 unsigned tool calls preserves valid thoughtSignature when present for the same provider and model","status":"passed","title":"preserves valid thoughtSignature when present for the same provider and model","duration":0.6274000000000228,"failureMessages":[],"meta":{}},{"ancestorTitles":["google-shared convertMessages — Gemini 3 unsigned tool calls"],"fullName":"google-shared convertMessages — Gemini 3 unsigned tool calls does not add a thoughtSignature for non-Gemini-3 models","status":"passed","title":"does not add a thoughtSignature for non-Gemini-3 models","duration":0.21550000000002,"failureMessages":[],"meta":{}}],"startTime":1785481883517,"endTime":1785481883520.2156,"status":"passed","message":"","name":"C:/PiTest/packages/ai/test/google-shared-gemini3-unsigned-tool-call.test.ts"},{"assertionResults":[{"ancestorTitles":["google-shared image tool result routing"],"fullName":"google-shared image tool result routing keeps separate synthetic image turn for Gemini 2.x Google API models","status":"passed","title":"keeps separate synthetic image turn for Gemini 2.x Google API models","duration":2.856899999999996,"failureMessages":[],"meta":{}},{"ancestorTitles":["google-shared image tool result routing"],"fullName":"google-shared image tool result routing nests image tool results for Gemini 3 Google API models","status":"passed","title":"nests image tool results for Gemini 3 Google API models","duration":0.8169000000000324,"failureMessages":[],"meta":{}}],"startTime":1785481883378,"endTime":1785481883381.817,"status":"passed","message":"","name":"C:/PiTest/packages/ai/test/google-shared-image-tool-result-routing.test.ts"},{"assertionResults":[{"ancestorTitles":["google buildParams — dynamic marker stripping"],"fullName":"google buildParams — dynamic marker stripping strips SYSTEM_PROMPT_DYNAMIC_MARKER and relocates the dynamic part to the last user turn (M1)","status":"passed","title":"strips SYSTEM_PROMPT_DYNAMIC_MARKER and relocates the dynamic part to the last user turn (M1)","duration":1.78389999999996,"failureMessages":[],"meta":{}},{"ancestorTitles":["google buildParams — dynamic marker stripping"],"fullName":"google buildParams — dynamic marker stripping passes through a system prompt that has no marker unchanged","status":"passed","title":"passes through a system prompt that has no marker unchanged","duration":0.29469999999997754,"failureMessages":[],"meta":{}},{"ancestorTitles":["google buildParams — dynamic marker stripping"],"fullName":"google buildParams — dynamic marker stripping handles a system prompt that consists only of the marker","status":"passed","title":"handles a system prompt that consists only of the marker","duration":0.1957999999999629,"failureMessages":[],"meta":{}}],"startTime":1785481883457,"endTime":1785481883460.1958,"status":"passed","message":"","name":"C:/PiTest/packages/ai/test/google-system-prompt-marker.test.ts"},{"assertionResults":[{"ancestorTitles":["Anthropic thinking disable E2E"],"fullName":"Anthropic thinking disable E2E disables thinking for budget-based reasoning models","status":"skipped","title":"disables thinking for budget-based reasoning models","failureMessages":[],"meta":{}},{"ancestorTitles":["Anthropic thinking disable E2E"],"fullName":"Anthropic thinking disable E2E disables thinking for adaptive reasoning models","status":"skipped","title":"disables thinking for adaptive reasoning models","failureMessages":[],"meta":{}}],"startTime":1785481880820,"endTime":1785481880820,"status":"passed","message":"","name":"C:/PiTest/packages/ai/test/google-thinking-disable.test.ts"},{"assertionResults":[{"ancestorTitles":["Google thinking detection (thoughtSignature)"],"fullName":"Google thinking detection (thoughtSignature) treats part.thought === true as thinking","status":"passed","title":"treats part.thought === true as thinking","duration":0.7812000000000126,"failureMessages":[],"meta":{}},{"ancestorTitles":["Google thinking detection (thoughtSignature)"],"fullName":"Google thinking detection (thoughtSignature) does not treat thoughtSignature alone as thinking","status":"passed","title":"does not treat thoughtSignature alone as thinking","duration":0.1998999999999569,"failureMessages":[],"meta":{}},{"ancestorTitles":["Google thinking detection (thoughtSignature)"],"fullName":"Google thinking detection (thoughtSignature) does not treat empty/missing signatures as thinking if thought is not set","status":"passed","title":"does not treat empty/missing signatures as thinking if thought is not set","duration":0.09249999999997272,"failureMessages":[],"meta":{}},{"ancestorTitles":["Google thinking detection (thoughtSignature)"],"fullName":"Google thinking detection (thoughtSignature) preserves the existing signature when subsequent deltas omit thoughtSignature","status":"passed","title":"preserves the existing signature when subsequent deltas omit thoughtSignature","duration":0.13220000000001164,"failureMessages":[],"meta":{}},{"ancestorTitles":["Google thinking detection (thoughtSignature)"],"fullName":"Google thinking detection (thoughtSignature) updates the signature when a new non-empty signature arrives","status":"passed","title":"updates the signature when a new non-empty signature arrives","duration":0.08810000000005402,"failureMessages":[],"meta":{}}],"startTime":1785481883614,"endTime":1785481883616.132,"status":"passed","message":"","name":"C:/PiTest/packages/ai/test/google-thinking-signature.test.ts"},{"assertionResults":[{"ancestorTitles":["raceReadWithIdle"],"fullName":"raceReadWithIdle default idle window is 120s","status":"passed","title":"default idle window is 120s","duration":1.4973999999999705,"failureMessages":[],"meta":{}},{"ancestorTitles":["raceReadWithIdle"],"fullName":"raceReadWithIdle (1) throws a retryable idle error when the read stalls past idleMs","status":"passed","title":"(1) throws a retryable idle error when the read stalls past idleMs","duration":55.895399999999995,"failureMessages":[],"meta":{}},{"ancestorTitles":["raceReadWithIdle"],"fullName":"raceReadWithIdle (1b) idle error message matches the AgentSession RETRYABLE_ERROR_RE","status":"passed","title":"(1b) idle error message matches the AgentSession RETRYABLE_ERROR_RE","duration":31.39440000000002,"failureMessages":[],"meta":{}},{"ancestorTitles":["raceReadWithIdle"],"fullName":"raceReadWithIdle (2) does NOT fire for a slow but alive stream and delivers every chunk","status":"passed","title":"(2) does NOT fire for a slow but alive stream and delivers every chunk","duration":166.71950000000004,"failureMessages":[],"meta":{}},{"ancestorTitles":["raceReadWithIdle"],"fullName":"raceReadWithIdle (3) throws the abort error (not the idle error) and clears the timer","status":"passed","title":"(3) throws the abort error (not the idle error) and clears the timer","duration":2.5539999999999736,"failureMessages":[],"meta":{}},{"ancestorTitles":["raceReadWithIdle"],"fullName":"raceReadWithIdle (3b) pre-aborted signal throws abort error without arming a timer","status":"passed","title":"(3b) pre-aborted signal throws abort error without arming a timer","duration":0.7047000000000025,"failureMessages":[],"meta":{}},{"ancestorTitles":["raceReadWithIdle"],"fullName":"raceReadWithIdle (4) a normal completing read leaves no idle timer pending","status":"passed","title":"(4) a normal completing read leaves no idle timer pending","duration":31.17360000000008,"failureMessages":[],"meta":{}},{"ancestorTitles":["iterateWithIdleTimeout"],"fullName":"iterateWithIdleTimeout (5) idle stall rejects promptly even when iterator.return() is wedged behind a frozen next()","status":"passed","title":"(5) idle stall rejects promptly even when iterator.return() is wedged behind a frozen next()","duration":48.18489999999997,"failureMessages":[],"meta":{}},{"ancestorTitles":["iterateWithIdleTimeout"],"fullName":"iterateWithIdleTimeout (6) abort rejects promptly even when iterator.return() is wedged behind a frozen next()","status":"passed","title":"(6) abort rejects promptly even when iterator.return() is wedged behind a frozen next()","duration":1.5120999999999185,"failureMessages":[],"meta":{}},{"ancestorTitles":["iterateWithIdleTimeout"],"fullName":"iterateWithIdleTimeout (7) delivers every chunk for a slow-but-alive stream and never trips","status":"passed","title":"(7) delivers every chunk for a slow-but-alive stream and never trips","duration":86.81140000000005,"failureMessages":[],"meta":{}},{"ancestorTitles":["iterateWithWallClock"],"fullName":"iterateWithWallClock (8) fires even when chunks keep arriving — the keepalive-forever case idle can't catch","status":"passed","title":"(8) fires even when chunks keep arriving — the keepalive-forever case idle can't catch","duration":81.33820000000003,"failureMessages":[],"meta":{}},{"ancestorTitles":["iterateWithWallClock"],"fullName":"iterateWithWallClock (8b) wall-clock error message matches the AgentSession RETRYABLE_ERROR_RE","status":"passed","title":"(8b) wall-clock error message matches the AgentSession RETRYABLE_ERROR_RE","duration":0.4049999999999727,"failureMessages":[],"meta":{}},{"ancestorTitles":["iterateWithWallClock"],"fullName":"iterateWithWallClock (9) rejects promptly on a frozen stream even with return() wedged behind next()","status":"passed","title":"(9) rejects promptly on a frozen stream even with return() wedged behind next()","duration":44.61770000000001,"failureMessages":[],"meta":{}},{"ancestorTitles":["iterateWithWallClock"],"fullName":"iterateWithWallClock (10) a stream that completes within budget passes through untouched and clears its timer","status":"passed","title":"(10) a stream that completes within budget passes through untouched and clears its timer","duration":46.9781999999999,"failureMessages":[],"meta":{}}],"startTime":1785481881439,"endTime":1785481882038.9783,"status":"passed","message":"","name":"C:/PiTest/packages/ai/test/idle-timeout.test.ts"},{"assertionResults":[{"ancestorTitles":["Tool Results with Images","Anthropic Provider (claude-haiku-4-5)"],"fullName":"Tool Results with Images Anthropic Provider (claude-haiku-4-5) should handle tool result with only image","status":"skipped","title":"should handle tool result with only image","failureMessages":[],"meta":{}},{"ancestorTitles":["Tool Results with Images","Anthropic Provider (claude-haiku-4-5)"],"fullName":"Tool Results with Images Anthropic Provider (claude-haiku-4-5) should handle tool result with text and image","status":"skipped","title":"should handle tool result with text and image","failureMessages":[],"meta":{}},{"ancestorTitles":["Tool Results with Images","Anthropic OAuth Provider (claude-sonnet-4-5)"],"fullName":"Tool Results with Images Anthropic OAuth Provider (claude-sonnet-4-5) should handle tool result with only image","status":"passed","title":"should handle tool result with only image","duration":7601.6376,"f
[...]
85481882745,"endTime":1785481882754.027,"status":"passed","message":"","name":"C:/PiTest/packages/ai/test/validation-echo-cap.test.ts"},{"assertionResults":[{"ancestorTitles":["validateToolArguments"],"fullName":"validateToolArguments still validates when Function constructor is unavailable","status":"passed","title":"still validates when Function constructor is unavailable","duration":4.350900000000024,"failureMessages":[],"meta":{}},{"ancestorTitles":["validateToolArguments"],"fullName":"validateToolArguments coerces serialized plain JSON schemas with AJV-compatible primitive rules","status":"passed","title":"coerces serialized plain JSON schemas with AJV-compatible primitive rules","duration":6.300799999999981,"failureMessages":[],"meta":{}},{"ancestorTitles":["validateToolArguments"],"fullName":"validateToolArguments rejects invalid coercions for serialized plain JSON schemas","status":"passed","title":"rejects invalid coercions for serialized plain JSON schemas","duration":2.341600000000085,"failureMessages":[],"meta":{}},{"ancestorTitles":["validateToolArguments"],"fullName":"validateToolArguments appends a did-you-mean hint when args carry a misspelled key","status":"passed","title":"appends a did-you-mean hint when args carry a misspelled key","duration":1.6231000000000222,"failureMessages":[],"meta":{}},{"ancestorTitles":["validateToolArguments"],"fullName":"validateToolArguments omits did-you-mean when no valid key is close enough","status":"passed","title":"omits did-you-mean when no valid key is close enough","duration":0.9547000000000025,"failureMessages":[],"meta":{}},{"ancestorTitles":["stripNullishOptionalArgs"],"fullName":"stripNullishOptionalArgs drops an optional field whose value is null when the schema rejects null","status":"passed","title":"drops an optional field whose value is null when the schema rejects null","duration":0.24739999999997053,"failureMessages":[],"meta":{}},{"ancestorTitles":["stripNullishOptionalArgs"],"fullName":"stripNullishOptionalArgs drops an optional field whose value is an empty object placeholder","status":"passed","title":"drops an optional field whose value is an empty object placeholder","duration":0.1470000000000482,"failureMessages":[],"meta":{}},{"ancestorTitles":["stripNullishOptionalArgs"],"fullName":"stripNullishOptionalArgs keeps null on a required field — dropping would only trade one error for another","status":"passed","title":"keeps null on a required field — dropping would only trade one error for another","duration":0.16459999999995034,"failureMessages":[],"meta":{}},{"ancestorTitles":["stripNullishOptionalArgs"],"fullName":"stripNullishOptionalArgs keeps null when the field's schema legitimately accepts null","status":"passed","title":"keeps null when the field's schema legitimately accepts null","duration":0.22509999999999764,"failureMessages":[],"meta":{}},{"ancestorTitles":["stripNullishOptionalArgs"],"fullName":"stripNullishOptionalArgs keeps an empty object when the field is typed as object","status":"passed","title":"keeps an empty object when the field is typed as object","duration":0.1388000000000602,"failureMessages":[],"meta":{}},{"ancestorTitles":["stripNullishOptionalArgs"],"fullName":"stripNullishOptionalArgs ignores keys not declared in the schema (additionalProperties)","status":"passed","title":"ignores keys not declared in the schema (additionalProperties)","duration":0.1711999999999989,"failureMessages":[],"meta":{}},{"ancestorTitles":["stripNullishOptionalArgs"],"fullName":"stripNullishOptionalArgs returns the same reference when nothing is dropped","status":"passed","title":"returns the same reference when nothing is dropped","duration":0.06749999999999545,"failureMessages":[],"meta":{}},{"ancestorTitles":["stripNullishOptionalArgs"],"fullName":"stripNullishOptionalArgs makes validateToolArguments accept a null optional by omission, not coercion to ''","status":"passed","title":"makes validateToolArguments accept a null optional by omission, not coercion to ''","duration":0.40459999999995944,"failureMessages":[],"meta":{}},{"ancestorTitles":["coerceJsonStringArrays (via validateToolArguments)"],"fullName":"coerceJsonStringArrays (via validateToolArguments) parses a JSON-stringified array for an array-typed field on a TypeBox tool","status":"passed","title":"parses a JSON-stringified array for an array-typed field on a TypeBox tool","duration":1.262899999999945,"failureMessages":[],"meta":{}},{"ancestorTitles":["coerceJsonStringArrays (via validateToolArguments)"],"fullName":"coerceJsonStringArrays (via validateToolArguments) coerces JSON-string array on a plain (non-TypeBox) schema too","status":"passed","title":"coerces JSON-string array on a plain (non-TypeBox) schema too","duration":0.4035999999999831,"failureMessages":[],"meta":{}},{"ancestorTitles":["coerceJsonStringArrays (via validateToolArguments)"],"fullName":"coerceJsonStringArrays (via validateToolArguments) leaves the string alone when the field also accepts string","status":"passed","title":"leaves the string alone when the field also accepts string","duration":0.25920000000007803,"failureMessages":[],"meta":{}},{"ancestorTitles":["coerceJsonStringArrays (via validateToolArguments)"],"fullName":"coerceJsonStringArrays (via validateToolArguments) throws a validation error (does not coerce) when the string is not JSON","status":"passed","title":"throws a validation error (does not coerce) when the string is not JSON","duration":0.8911000000000513,"failureMessages":[],"meta":{}},{"ancestorTitles":["coerceJsonStringArrays (via validateToolArguments)"],"fullName":"coerceJsonStringArrays (via validateToolArguments) throws when the string parses to a non-array (scalar JSON)","status":"passed","title":"throws when the string parses to a non-array (scalar JSON)","duration":0.865099999999984,"failureMessages":[],"meta":{}}],"startTime":1785481882405,"endTime":1785481882426.865,"status":"passed","message":"","name":"C:/PiTest/packages/ai/test/validation.test.ts"},{"assertionResults":[{"ancestorTitles":["xAI Grok OAuth provider"],"fullName":"xAI Grok OAuth provider is registered among built-in OAuth providers","status":"passed","title":"is registered among built-in OAuth providers","duration":2.011599999999987,"failureMessages":[],"meta":{}},{"ancestorTitles":["xAI Grok OAuth provider"],"fullName":"xAI Grok OAuth provider buildXaiAuthorizeUrl uses Grok-CLI client_id, pinned redirect, and plan=generic","status":"passed","title":"buildXaiAuthorizeUrl uses Grok-CLI client_id, pinned redirect, and plan=generic","duration":0.6736999999999966,"failureMessages":[],"meta":{}},{"ancestorTitles":["xAI Grok OAuth provider"],"fullName":"xAI Grok OAuth provider modifyModels injects grok-4.5 and Composer 2.5","status":"passed","title":"modifyModels injects grok-4.5 and Composer 2.5","duration":0.24780000000001223,"failureMessages":[],"meta":{}},{"ancestorTitles":["xAI Grok OAuth provider"],"fullName":"xAI Grok OAuth provider pollXaiDeviceCodeToken succeeds after authorization_pending","status":"passed","title":"pollXaiDeviceCodeToken succeeds after authorization_pending","duration":1.072100000000006,"failureMessages":[],"meta":{}},{"ancestorTitles":["xAI Grok OAuth provider"],"fullName":"xAI Grok OAuth provider pollXaiDeviceCodeToken composes caller abort with fetch timeout","status":"passed","title":"pollXaiDeviceCodeToken composes caller abort with fetch timeout","duration":0.5526999999999873,"failureMessages":[],"meta":{}},{"ancestorTitles":["xAI Grok OAuth provider"],"fullName":"xAI Grok OAuth provider login via device path when onSelect picks device","status":"passed","title":"login via device path when onSelect picks device","duration":1.4936999999999898,"failureMessages":[],"meta":{}}],"startTime":1785481882452,"endTime":1785481882458.4937,"status":"passed","message":"","name":"C:/PiTest/packages/ai/test/xai-oauth.test.ts"},{"assertionResults":[{"ancestorTitles":["xAI Grok thinking levels"],"fullName":"xAI Grok thinking levels exposes low/medium/high for grok-4.5 (not only high)","status":"passed","title":"exposes low/medium/high for grok-4.5 (not only high)","duration":35.161399999999986,"failureMessages":[],"meta":{}},{"ancestorTitles":["xAI Grok thinking levels"],"fullName":"xAI Grok thinking levels exposes low/medium/high for grok-build-0.1","status":"passed","title":"exposes low/medium/high for grok-build-0.1","duration":0.3394999999999868,"failureMessages":[],"meta":{}},{"ancestorTitles":["xAI Grok thinking levels"],"fullName":"xAI Grok thinking levels keeps OAuth catalog maps aligned with generated models","status":"passed","title":"keeps OAuth catalog maps aligned with generated models","duration":0.2159000000000333,"failureMessages":[],"meta":{}},{"ancestorTitles":["xAI Grok thinking levels"],"fullName":"xAI Grok thinking levels forces reasoning dial on Composer 2.5 (low/medium/high)","status":"passed","title":"forces reasoning dial on Composer 2.5 (low/medium/high)","duration":2.5325000000000273,"failureMessages":[],"meta":{}}],"startTime":1785481882026,"endTime":1785481882064.5325,"status":"passed","message":"","name":"C:/PiTest/packages/ai/test/xai-thinking-levels.test.ts"},{"assertionResults":[{"ancestorTitles":["OpenCode Models Smoke Test"],"fullName":"OpenCode Models Smoke Test OpenCode Zen: big-pickle","status":"skipped","title":"OpenCode Zen: big-pickle","failureMessages":[],"meta":{}},{"ancestorTitles":["OpenCode Models Smoke Test"],"fullName":"OpenCode Models Smoke Test OpenCode Zen: claude-haiku-4-5","status":"skipped","title":"OpenCode Zen: claude-haiku-4-5","failureMessages":[],"meta":{}},{"ancestorTitles":["OpenCode Models Smoke Test"],"fullName":"OpenCode Models Smoke Test OpenCode Zen: claude-opus-4-5","status":"skipped","title":"OpenCode Zen: claude-opus-4-5","failureMessages":[],"meta":{}},{"ancestorTitles":["OpenCode Models Smoke Test"],"fullName":"OpenCode Models Smoke Test OpenCode Zen: claude-opus-4-6","status":"skipped","title":"OpenCode Zen: claude-opus-4-6","failureMessages":[],"meta":{}},{"ancestorTitles":["OpenCode Models Smoke Test"],"fullName":"OpenCode Models Smoke Test OpenCode Zen: claude-opus-4-7","status":"skipped","title":"OpenCode Zen: claude-opus-4-7","failureMessages":[],"meta":{}},{"ancestorTitles":["OpenCode Models Smoke Test"],"fullName":"OpenCode Models Smoke Test OpenCode Zen: claude-sonnet-4-5","status":"skipped","title":"OpenCode Zen: claude-sonnet-4-5","failureMessages":[],"meta":{}},{"ancestorTitles":["OpenCode Models Smoke Test"],"fullName":"OpenCode Models Smoke Test OpenCode Zen: claude-sonnet-4-6","status":"skipped","title":"OpenCode Zen: claude-sonnet-4-6","failureMessages":[],"meta":{}},{"ancestorTitles":["OpenCode Models Smoke Test"],"fullName":"OpenCode Models Smoke Test OpenCode Zen: deepseek-v4-flash","status":"skipped","title":"OpenCode Zen: deepseek-v4-flash","failureMessages":[],"meta":{}},{"ancestorTitles":["OpenCode Models Smoke Test"],"fullName":"OpenCode Models Smoke Test OpenCode Zen: deepseek-v4-flash-free","status":"skipped","title":"OpenCode Zen: deepseek-v4-flash-free","failureMessages":[],"meta":{}},{"ancestorTitles":["OpenCode Models Smoke Test"],"fullName":"OpenCode Models Smoke Test OpenCode Zen: deepseek-v4-pro","status":"skipped","title":"OpenCode Zen: deepseek-v4-pro","failureMessages":[],"meta":{}},{"ancestorTitles":["OpenCode Models Smoke Test"],"fullName":"OpenCode Models Smoke Test OpenCode Zen: gemini-3-flash","status":"skipped","title":"OpenCode Zen: gemini-3-flash","failureMessages":[],"meta":{}},{"ancestorTitles":["OpenCode Models Smoke Test"],"fullName":"OpenCode Models Smoke Test OpenCode Zen: gemini-3.1-pro","status":"skipped","title":"OpenCode Zen: gemini-3.1-pro","failureMessages":[],"meta":{}},{"ancestorTitles":["OpenCode Models Smoke Test"],"fullName":"OpenCode Models Smoke Test OpenCode Zen: gemini-3.5-flash","status":"skipped","title":"OpenCode Zen: gemini-3.5-flash","failureMessages":[],"meta":{}},{"ancestorTitles":["OpenCode Models Smoke Test"],"fullName":"OpenCode Models Smoke Test OpenCode Zen: glm-5","status":"skipped","title":"OpenCode Zen: glm-5","failureMessages":[],"meta":{}},{"ancestorTitles":["OpenCode Models Smoke Test"],"fullName":"OpenCode Models Smoke Test OpenCode Zen: glm-5.1","status":"skipped","title":"OpenCode Zen: glm-5.1","failureMessages":[],"meta":{}},{"ancestorTitles":["OpenCode Models Smoke Test"],"fullName":"OpenCode Models Smoke Test OpenCode Zen: glm-5.2","status":"skipped","title":"OpenCode Zen: glm-5.2","failureMessages":[],"meta":{}},{"ancestorTitles":["OpenCode Models Smoke Test"],"fullName":"OpenCode Models Smoke Test OpenCode Zen: gpt-5","status":"skipped","title":"OpenCode Zen: gpt-5","failureMessages":[],"meta":{}},{"ancestorTitles":["OpenCode Models Smoke Test"],"fullName":"OpenCode Models Smoke Test OpenCode Zen: gpt-5-codex","status":"skipped","title":"OpenCode Zen: gpt-5-codex","failureMessages":[],"meta":{}},{"ancestorTitles":["OpenCode Models Smoke Test"],"fullName":"OpenCode Models Smoke Test OpenCode Zen: gpt-5-nano","status":"skipped","title":"OpenCode Zen: gpt-5-nano","failureMessages":[],"meta":{}},{"ancestorTitles":["OpenCode Models Smoke Test"],"fullName":"OpenCode Models Smoke Test OpenCode Zen: gpt-5.1","status":"skipped","title":"OpenCode Zen: gpt-5.1","failureMessages":[],"meta":{}},{"ancestorTitles":["OpenCode Models Smoke Test"],"fullName":"OpenCode Models Smoke Test OpenCode Zen: gpt-5.1-codex","status":"skipped","title":"OpenCode Zen: gpt-5.1-codex","failureMessages":[],"meta":{}},{"ancestorTitles":["OpenCode Models Smoke Test"],"fullName":"OpenCode Models Smoke Test OpenCode Zen: gpt-5.1-codex-max","status":"skipped","title":"OpenCode Zen: gpt-5.1-codex-max","failureMessages":[],"meta":{}},{"ancestorTitles":["OpenCode Models Smoke Test"],"fullName":"OpenCode Models Smoke Test OpenCode Zen: gpt-5.1-codex-mini","status":"skipped","title":"OpenCode Zen: gpt-5.1-codex-mini","failureMessages":[],"meta":{}},{"ancestorTitles":["OpenCode Models Smoke Test"],"fullName":"OpenCode Models Smoke Test OpenCode Zen: gpt-5.2","status":"skipped","title":"OpenCode Zen: gpt-5.2","failureMessages":[],"meta":{}},{"ancestorTitles":["OpenCode Models Smoke Test"],"fullName":"OpenCode Models Smoke Test OpenCode Zen: gpt-5.2-codex","status":"skipped","title":"OpenCode Zen: gpt-5.2-codex","failureMessages":[],"meta":{}},{"ancestorTitles":["OpenCode Models Smoke Test"],"fullName":"OpenCode Models Smoke Test OpenCode Zen: gpt-5.3-codex","status":"skipped","title":"OpenCode Zen: gpt-5.3-codex","failureMessages":[],"meta":{}},{"ancestorTitles":["OpenCode Models Smoke Test"],"fullName":"OpenCode Models Smoke Test OpenCode Zen: gpt-5.4","status":"skipped","title":"OpenCode Zen: gpt-5.4","failureMessages":[],"meta":{}},{"ancestorTitles":["OpenCode Models Smoke Test"],"fullName":"OpenCode Models Smoke Test OpenCode Zen: gpt-5.4-mini","status":"skipped","title":"OpenCode Zen: gpt-5.4-mini","failureMessages":[],"meta":{}},{"ancestorTitles":["OpenCode Models Smoke Test"],"fullName":"OpenCode Models Smoke Test OpenCode Zen: gpt-5.4-nano","status":"skipped","title":"OpenCode Zen: gpt-5.4-nano","failureMessages":[],"meta":{}},{"ancestorTitles":["OpenCode Models Smoke Test"],"fullName":"OpenCode Models Smoke Test OpenCode Zen: gpt-5.4-pro","status":"skipped","title":"OpenCode Zen: gpt-5.4-pro","failureMessages":[],"meta":{}},{"ancestorTitles":["OpenCode Models Smoke Test"],"fullName":"OpenCode Models Smoke Test OpenCode Zen: gpt-5.5-pro","status":"skipped","title":"OpenCode Zen: gpt-5.5-pro","failureMessages":[],"meta":{}},{"ancestorTitles":["OpenCode Models Smoke Test"],"fullName":"OpenCode Models Smoke Test OpenCode Zen: grok-build-0.1","status":"skipped","title":"OpenCode Zen: grok-build-0.1","failureMessages":[],"meta":{}},{"ancestorTitles":["OpenCode Models Smoke Test"],"fullName":"OpenCode Models Smoke Test OpenCode Zen: hy3-free","status":"skipped","title":"OpenCode Zen: hy3-free","failureMessages":[],"meta":{}},{"ancestorTitles":["OpenCode Models Smoke Test"],"fullName":"OpenCode Models Smoke Test OpenCode Zen: kimi-k2.5","status":"skipped","title":"OpenCode Zen: kimi-k2.5","failureMessages":[],"meta":{}},{"ancestorTitles":["OpenCode Models Smoke Test"],"fullName":"OpenCode Models Smoke Test OpenCode Zen: kimi-k2.6","status":"skipped","title":"OpenCode Zen: kimi-k2.6","failureMessages":[],"meta":{}},{"ancestorTitles":["OpenCode Models Smoke Test"],"fullName":"OpenCode Models Smoke Test OpenCode Zen: mimo-v2.5-free","status":"skipped","title":"OpenCode Zen: mimo-v2.5-free","failureMessages":[],"meta":{}},{"ancestorTitles":["OpenCode Models Smoke Test"],"fullName":"OpenCode Models Smoke Test OpenCode Zen: minimax-m2.5","status":"skipped","title":"OpenCode Zen: minimax-m2.5","failureMessages":[],"meta":{}},{"ancestorTitles":["OpenCode Models Smoke Test"],"fullName":"OpenCode Models Smoke Test OpenCode Zen: minimax-m2.7","status":"skipped","title":"OpenCode Zen: minimax-m2.7","failureMessages":[],"meta":{}},{"ancestorTitles":["OpenCode Models Smoke Test"],"fullName":"OpenCode Models Smoke Test OpenCode Zen: minimax-m3-free","status":"skipped","title":"OpenCode Zen: minimax-m3-free","failureMessages":[],"meta":{}},{"ancestorTitles":["OpenCode Models Smoke Test"],"fullName":"OpenCode Models Smoke Test OpenCode Zen: nemotron-3-ultra-free","status":"skipped","title":"OpenCode Zen: nemotron-3-ultra-free","failureMessages":[],"meta":{}},{"ancestorTitles":["OpenCode Models Smoke Test"],"fullName":"OpenCode Models Smoke Test OpenCode Zen: north-mini-code-free","status":"skipped","title":"OpenCode Zen: north-mini-code-free","failureMessages":[],"meta":{}},{"ancestorTitles":["OpenCode Models Smoke Test"],"fullName":"OpenCode Models Smoke Test OpenCode Zen: qwen3.5-plus","status":"skipped","title":"OpenCode Zen: qwen3.5-plus","failureMessages":[],"meta":{}},{"ancestorTitles":["OpenCode Models Smoke Test"],"fullName":"OpenCode Models Smoke Test OpenCode Zen: qwen3.6-plus","status":"skipped","title":"OpenCode Zen: qwen3.6-plus","failureMessages":[],"meta":{}},{"ancestorTitles":["OpenCode Models Smoke Test"],"fullName":"OpenCode Models Smoke Test OpenCode Zen: qwen3.6-plus-free","status":"skipped","title":"OpenCode Zen: qwen3.6-plus-free","failureMessages":[],"meta":{}},{"ancestorTitles":["OpenCode Models Smoke Test"],"fullName":"OpenCode Models Smoke Test OpenCode Go: kimi-k2.7-code","status":"skipped","title":"OpenCode Go: kimi-k2.7-code","failureMessages":[],"meta":{}},{"ancestorTitles":["OpenCode Models Smoke Test"],"fullName":"OpenCode Models Smoke Test OpenCode Go: mimo-v2-omni","status":"skipped","title":"OpenCode Go: mimo-v2-omni","failureMessages":[],"meta":{}},{"ancestorTitles":["OpenCode Models Smoke Test"],"fullName":"OpenCode Models Smoke Test OpenCode Go: mimo-v2-pro","status":"skipped","title":"OpenCode Go: mimo-v2-pro","failureMessages":[],"meta":{}},{"ancestorTitles":["OpenCode Models Smoke Test"],"fullName":"OpenCode Models Smoke Test OpenCode Go: mimo-v2.5","status":"skipped","title":"OpenCode Go: mimo-v2.5","failureMessages":[],"meta":{}},{"ancestorTitles":["OpenCode Models Smoke Test"],"fullName":"OpenCode Models Smoke Test OpenCode Go: mimo-v2.5-pro","status":"skipped","title":"OpenCode Go: mimo-v2.5-pro","failureMessages":[],"meta":{}},{"ancestorTitles":["OpenCode Models Smoke Test"],"fullName":"OpenCode Models Smoke Test OpenCode Go: minimax-m3","status":"skipped","title":"OpenCode Go: minimax-m3","failureMessages":[],"meta":{}},{"ancestorTitles":["OpenCode Models Smoke Test"],"fullName":"OpenCode Models Smoke Test OpenCode Go: qwen3.7-max","status":"skipped","title":"OpenCode Go: qwen3.7-max","failureMessages":[],"meta":{}},{"ancestorTitles":["OpenCode Models Smoke Test"],"fullName":"OpenCode Models Smoke Test OpenCode Go: qwen3.7-plus","status":"skipped","title":"OpenCode Go: qwen3.7-plus","failureMessages":[],"meta":{}}],"startTime":1785481880820,"endTime":1785481880820,"status":"passed","message":"","name":"C:/PiTest/packages/ai/test/zen.test.ts"}]}